app/build/intermediates/manifest_merge_blame_file/release/processReleaseMainManifest/manifest-merger-blame-release-report.txt
1<?xml version="1.0" encoding="utf-8"?>
2<manifest xmlns:android="http://schemas.android.com/apk/res/android"
3    package="com.trupercontrolEdwin.app"
4    android:versionCode="1"
5    android:versionName="1.0" >
6
7    <uses-sdk
8        android:minSdkVersion="29"
9        android:targetSdkVersion="34" />
10
11    <uses-permission android:name="android.permission.READ_EXTERNAL_STORAGE" />
11-->src\main\AndroidManifest.xml:4:5-79
11-->src\main\AndroidManifest.xml:4:22-77
12    <uses-permission android:name="android.permission.WRITE_EXTERNAL_STORAGE" />
12-->src\main\AndroidManifest.xml:5:5-80
12-->src\main\AndroidManifest.xml:5:22-78
13    <uses-permission android:name="android.permission.MANAGE_EXTERNAL_STORAGE" />
13-->src\main\AndroidManifest.xml:6:5-81
13-->src\main\AndroidManifest.xml:6:22-79
14    <uses-permission android:name="android.permission.CAMERA" />
14-->src\main\AndroidManifest.xml:7:5-64
14-->src\main\AndroidManifest.xml:7:22-62
15
16    <permission
16-->[androidx.core:core:1.13.1] AndroidManifest.xml:22:5-24:47
17        android:name="com.trupercontrolEdwin.app.DYNAMIC_RECEIVER_NOT_EXPORTED_PERMISSION"
17-->[androidx.core:core:1.13.1] AndroidManifest.xml:23:9-81
18        android:protectionLevel="signature" />
18-->[androidx.core:core:1.13.1] AndroidManifest.xml:24:9-44
19
20    <uses-permission android:name="com.trupercontrolEdwin.app.DYNAMIC_RECEIVER_NOT_EXPORTED_PERMISSION" /> <!-- Although the *SdkVersion is captured in gradle build files, this is required for non gradle builds -->
20-->[androidx.core:core:1.13.1] AndroidManifest.xml:26:5-97
20-->[androidx.core:core:1.13.1] AndroidManifest.xml:26:22-94
21    <!-- <uses-sdk android:minSdkVersion="14"/> -->
22    <uses-permission android:name="android.permission.ACCESS_NETWORK_STATE" />
22-->[com.google.android.datatransport:transport-backend-cct:2.3.3] AndroidManifest.xml:25:5-79
22-->[com.google.android.datatransport:transport-backend-cct:2.3.3] AndroidManifest.xml:25:22-76
23    <uses-permission android:name="android.permission.INTERNET" />
23-->[com.google.android.datatransport:transport-backend-cct:2.3.3] AndroidManifest.xml:26:5-67
23-->[com.google.android.datatransport:transport-backend-cct:2.3.3] AndroidManifest.xml:26:22-64
24
25    <application
25-->src\main\AndroidManifest.xml:9:5-19:19
26        android:appComponentFactory="androidx.core.app.CoreComponentFactory"
26-->[androidx.core:core:1.13.1] AndroidManifest.xml:28:18-86
27        android:extractNativeLibs="false"
28        android:label="Control de Rotulación Truper"
28-->src\main\AndroidManifest.xml:10:9-53
29        android:theme="@style/Theme.ControlRotulaciones" >
29-->src\main\AndroidManifest.xml:11:9-57
30        <activity
30-->src\main\AndroidManifest.xml:12:9-18:20
31            android:name="com.trupercontrolEdwin.app.MainActivity"
31-->src\main\AndroidManifest.xml:12:19-47
32            android:exported="true" >
32-->src\main\AndroidManifest.xml:13:13-36
33            <intent-filter>
33-->src\main\AndroidManifest.xml:14:13-17:29
34                <action android:name="android.intent.action.MAIN" />
34-->src\main\AndroidManifest.xml:15:17-69
34-->src\main\AndroidManifest.xml:15:25-66
35
36                <category android:name="android.intent.category.LAUNCHER" />
36-->src\main\AndroidManifest.xml:16:17-77
36-->src\main\AndroidManifest.xml:16:27-74
37            </intent-filter>
38        </activity>
39
40        <service
40-->[androidx.room:room-runtime:2.6.1] AndroidManifest.xml:24:9-28:63
41            android:name="androidx.room.MultiInstanceInvalidationService"
41-->[androidx.room:room-runtime:2.6.1] AndroidManifest.xml:25:13-74
42            android:directBootAware="true"
42-->[androidx.room:room-runtime:2.6.1] AndroidManifest.xml:26:13-43
43            android:exported="false" />
43-->[androidx.room:room-runtime:2.6.1] AndroidManifest.xml:27:13-37
44        <service
44-->[com.google.android.gms:play-services-mlkit-text-recognition-common:19.1.0] AndroidManifest.xml:9:9-15:19
45            android:name="com.google.mlkit.common.internal.MlKitComponentDiscoveryService"
45-->[com.google.android.gms:play-services-mlkit-text-recognition-common:19.1.0] AndroidManifest.xml:10:13-91
46            android:directBootAware="true"
46-->[com.google.mlkit:common:18.11.0] AndroidManifest.xml:17:13-43
47            android:exported="false" >
47-->[com.google.android.gms:play-services-mlkit-text-recognition-common:19.1.0] AndroidManifest.xml:11:13-37
48            <meta-data
48-->[com.google.android.gms:play-services-mlkit-text-recognition-common:19.1.0] AndroidManifest.xml:12:13-14:85
49                android:name="com.google.firebase.components:com.google.mlkit.vision.text.internal.TextRegistrar"
49-->[com.google.android.gms:play-services-mlkit-text-recognition-common:19.1.0] AndroidManifest.xml:13:17-114
50                android:value="com.google.firebase.components.ComponentRegistrar" />
50-->[com.google.android.gms:play-services-mlkit-text-recognition-common:19.1.0] AndroidManifest.xml:14:17-82
51            <meta-data
51-->[com.google.mlkit:vision-common:17.3.0] AndroidManifest.xml:12:13-14:85
52                android:name="com.google.firebase.components:com.google.mlkit.vision.common.internal.VisionCommonRegistrar"
52-->[com.google.mlkit:vision-common:17.3.0] AndroidManifest.xml:13:17-124
53                android:value="com.google.firebase.components.ComponentRegistrar" />
53-->[com.google.mlkit:vision-common:17.3.0] AndroidManifest.xml:14:17-82
54            <meta-data
54-->[com.google.mlkit:common:18.11.0] AndroidManifest.xml:20:13-22:85
55                android:name="com.google.firebase.components:com.google.mlkit.common.internal.CommonComponentRegistrar"
55-->[com.google.mlkit:common:18.11.0] AndroidManifest.xml:21:17-120
56                android:value="com.google.firebase.components.ComponentRegistrar" />
56-->[com.google.mlkit:common:18.11.0] AndroidManifest.xml:22:17-82
57        </service>
58
59        <provider
59-->[com.google.mlkit:common:18.11.0] AndroidManifest.xml:9:9-13:38
60            android:name="com.google.mlkit.common.internal.MlKitInitProvider"
60-->[com.google.mlkit:common:18.11.0] AndroidManifest.xml:10:13-78
61            android:authorities="com.trupercontrolEdwin.app.mlkitinitprovider"
61-->[com.google.mlkit:common:18.11.0] AndroidManifest.xml:11:13-69
62            android:exported="false"
62-->[com.google.mlkit:common:18.11.0] AndroidManifest.xml:12:13-37
63            android:initOrder="99" />
63-->[com.google.mlkit:common:18.11.0] AndroidManifest.xml:13:13-35
64
65        <activity
65-->[com.google.android.gms:play-services-base:18.5.0] AndroidManifest.xml:5:9-173
66            android:name="com.google.android.gms.common.api.GoogleApiActivity"
66-->[com.google.android.gms:play-services-base:18.5.0] AndroidManifest.xml:5:19-85
67            android:exported="false"
67-->[com.google.android.gms:play-services-base:18.5.0] AndroidManifest.xml:5:146-170
68            android:theme="@android:style/Theme.Translucent.NoTitleBar" />
68-->[com.google.android.gms:play-services-base:18.5.0] AndroidManifest.xml:5:86-145
69
70        <meta-data
70-->[com.google.android.gms:play-services-basement:18.4.0] AndroidManifest.xml:6:9-122
71            android:name="com.google.android.gms.version"
71-->[com.google.android.gms:play-services-basement:18.4.0] AndroidManifest.xml:6:20-65
72            android:value="@integer/google_play_services_version" />
72-->[com.google.android.gms:play-services-basement:18.4.0] AndroidManifest.xml:6:66-119
73
74        <provider
74-->[androidx.emoji2:emoji2:1.3.0] AndroidManifest.xml:24:9-32:20
75            android:name="androidx.startup.InitializationProvider"
75-->[androidx.emoji2:emoji2:1.3.0] AndroidManifest.xml:25:13-67
76            android:authorities="com.trupercontrolEdwin.app.androidx-startup"
76-->[androidx.emoji2:emoji2:1.3.0] AndroidManifest.xml:26:13-68
77            android:exported="false" >
77-->[androidx.emoji2:emoji2:1.3.0] AndroidManifest.xml:27:13-37
78            <meta-data
78-->[androidx.emoji2:emoji2:1.3.0] AndroidManifest.xml:29:13-31:52
79                android:name="androidx.emoji2.text.EmojiCompatInitializer"
79-->[androidx.emoji2:emoji2:1.3.0] AndroidManifest.xml:30:17-75
80                android:value="androidx.startup" />
80-->[androidx.emoji2:emoji2:1.3.0] AndroidManifest.xml:31:17-49
81            <meta-data
81-->[androidx.lifecycle:lifecycle-process:2.8.4] AndroidManifest.xml:29:13-31:52
82                android:name="androidx.lifecycle.ProcessLifecycleInitializer"
82-->[androidx.lifecycle:lifecycle-process:2.8.4] AndroidManifest.xml:30:17-78
83                android:value="androidx.startup" />
83-->[androidx.lifecycle:lifecycle-process:2.8.4] AndroidManifest.xml:31:17-49
84            <meta-data
84-->[androidx.profileinstaller:profileinstaller:1.3.1] AndroidManifest.xml:29:13-31:52
85                android:name="androidx.profileinstaller.ProfileInstallerInitializer"
85-->[androidx.profileinstaller:profileinstaller:1.3.1] AndroidManifest.xml:30:17-85
86                android:value="androidx.startup" />
86-->[androidx.profileinstaller:profileinstaller:1.3.1] AndroidManifest.xml:31:17-49
87        </provider>
88
89        <receiver
89-->[androidx.profileinstaller:profileinstaller:1.3.1] AndroidManifest.xml:34:9-52:20
90            android:name="androidx.profileinstaller.ProfileInstallReceiver"
90-->[androidx.profileinstaller:profileinstaller:1.3.1] AndroidManifest.xml:35:13-76
91            android:directBootAware="false"
91-->[androidx.profileinstaller:profileinstaller:1.3.1] AndroidManifest.xml:36:13-44
92            android:enabled="true"
92-->[androidx.profileinstaller:profileinstaller:1.3.1] AndroidManifest.xml:37:13-35
93            android:exported="true"
93-->[androidx.profileinstaller:profileinstaller:1.3.1] AndroidManifest.xml:38:13-36
94            android:permission="android.permission.DUMP" >
94-->[androidx.profileinstaller:profileinstaller:1.3.1] AndroidManifest.xml:39:13-57
95            <intent-filter>
95-->[androidx.profileinstaller:profileinstaller:1.3.1] AndroidManifest.xml:40:13-42:29
96                <action android:name="androidx.profileinstaller.action.INSTALL_PROFILE" />
96-->[androidx.profileinstaller:profileinstaller:1.3.1] AndroidManifest.xml:41:17-91
96-->[androidx.profileinstaller:profileinstaller:1.3.1] AndroidManifest.xml:41:25-88
97            </intent-filter>
98            <intent-filter>
98-->[androidx.profileinstaller:profileinstaller:1.3.1] AndroidManifest.xml:43:13-45:29
99                <action android:name="androidx.profileinstaller.action.SKIP_FILE" />
99-->[androidx.profileinstaller:profileinstaller:1.3.1] AndroidManifest.xml:44:17-85
99-->[androidx.profileinstaller:profileinstaller:1.3.1] AndroidManifest.xml:44:25-82
100            </intent-filter>
101            <intent-filter>
101-->[androidx.profileinstaller:profileinstaller:1.3.1] AndroidManifest.xml:46:13-48:29
102                <action android:name="androidx.profileinstaller.action.SAVE_PROFILE" />
102-->[androidx.profileinstaller:profileinstaller:1.3.1] AndroidManifest.xml:47:17-88
102-->[androidx.profileinstaller:profileinstaller:1.3.1] AndroidManifest.xml:47:25-85
103            </intent-filter>
104            <intent-filter>
104-->[androidx.profileinstaller:profileinstaller:1.3.1] AndroidManifest.xml:49:13-51:29
105                <action android:name="androidx.profileinstaller.action.BENCHMARK_OPERATION" />
105-->[androidx.profileinstaller:profileinstaller:1.3.1] AndroidManifest.xml:50:17-95
105-->[androidx.profileinstaller:profileinstaller:1.3.1] AndroidManifest.xml:50:25-92
106            </intent-filter>
107        </receiver>
108
109        <service
109-->[com.google.android.datatransport:transport-backend-cct:2.3.3] AndroidManifest.xml:29:9-35:19
110            android:name="com.google.android.datatransport.runtime.backends.TransportBackendDiscovery"
110-->[com.google.android.datatransport:transport-backend-cct:2.3.3] AndroidManifest.xml:30:13-103
111            android:exported="false" >
111-->[com.google.android.datatransport:transport-backend-cct:2.3.3] AndroidManifest.xml:31:13-37
112            <meta-data
112-->[com.google.android.datatransport:transport-backend-cct:2.3.3] AndroidManifest.xml:32:13-34:39
113                android:name="backend:com.google.android.datatransport.cct.CctBackendFactory"
113-->[com.google.android.datatransport:transport-backend-cct:2.3.3] AndroidManifest.xml:33:17-94
114                android:value="cct" />
114-->[com.google.android.datatransport:transport-backend-cct:2.3.3] AndroidManifest.xml:34:17-36
115        </service>
116        <service
116-->[com.google.android.datatransport:transport-runtime:2.2.6] AndroidManifest.xml:26:9-30:19
117            android:name="com.google.android.datatransport.runtime.scheduling.jobscheduling.JobInfoSchedulerService"
117-->[com.google.android.datatransport:transport-runtime:2.2.6] AndroidManifest.xml:27:13-117
118            android:exported="false"
118-->[com.google.android.datatransport:transport-runtime:2.2.6] AndroidManifest.xml:28:13-37
119            android:permission="android.permission.BIND_JOB_SERVICE" >
119-->[com.google.android.datatransport:transport-runtime:2.2.6] AndroidManifest.xml:29:13-69
120        </service>
121
122        <receiver
122-->[com.google.android.datatransport:transport-runtime:2.2.6] AndroidManifest.xml:32:9-34:40
123            android:name="com.google.android.datatransport.runtime.scheduling.jobscheduling.AlarmManagerSchedulerBroadcastReceiver"
123-->[com.google.android.datatransport:transport-runtime:2.2.6] AndroidManifest.xml:33:13-132
124            android:exported="false" />
124-->[com.google.android.datatransport:transport-runtime:2.2.6] AndroidManifest.xml:34:13-37
125    </application>
126
127</manifest>